build/app/outputs/mapping/release/mapping.txt
# compiler: R8
# compiler_version: 1.5.64
# min_api: 22
# pg_map_id: 8916914
...
com.google.android.gms.internal.firebase-auth-api.zzll -> b.a.a.a.f.e.rd:
    java.util.concurrent.ConcurrentHashMap zza -> a
    java.lang.ref.ReferenceQueue zzb -> b
    java.util.List zza(java.lang.Throwable,boolean) -> a
com.google.android.gms.internal.firebase-auth-api.zzlm -> b.a.a.a.f.e.sd:
    com.google.android.gms.internal.firebase-auth-api.zzll zza -> a
    void zza(java.lang.Throwable,java.lang.Throwable) -> a
com.google.android.gms.internal.firebase-auth-api.zzln -> b.a.a.a.f.e.td:
    void zza(java.lang.Throwable,java.lang.Throwable) -> a
com.google.android.gms.internal.firebase-auth-api.zzlo -> b.a.a.a.f.e.ud:
    void zza(java.lang.Throwable,java.lang.Throwable) -> a
com.google.android.gms.internal.firebase-auth-api.zzlp -> b.a.a.a.f.e.vd:
    com.google.android.gms.internal.firebase-auth-api.zzlj zza -> a
    void zza(java.lang.Throwable,java.lang.Throwable) -> a
com.google.android.gms.internal.firebase-auth-api.zzlq -> b.a.a.a.f.e.wd:
com.google.android.gms.internal.firebase-auth-api.zzlr -> b.a.a.a.f.e.xd:
    java.lang.String zza -> c
    java.lang.String zzb -> d
    java.lang.String zza() -> f
    java.lang.String zzb() -> g
com.google.android.gms.internal.firebase-auth-api.zzls -> b.a.a.a.f.e.yd:
com.google.android.gms.internal.firebase-auth-api.zzlt -> b.a.a.a.f.e.zd:
    java.lang.String zza -> c
    java.lang.String zzb -> d
    java.lang.String zza() -> f
    java.lang.String zzb() -> g
com.google.android.gms.internal.firebase-auth-api.zzlu -> b.a.a.a.f.e.ae:
com.google.android.gms.internal.firebase-auth-api.zzlv -> b.a.a.a.f.e.be:
    java.lang.String zza -> c
    java.lang.String zzb -> d
    java.lang.String zza() -> f
    java.lang.String zzb() -> g
com.google.android.gms.internal.firebase-auth-api.zzlw -> b.a.a.a.f.e.ce:
com.google.android.gms.internal.firebase-auth-api.zzlx -> b.a.a.a.f.e.de:
    java.lang.String zza -> c
    java.lang.String zzb -> d
    java.lang.String zza() -> f
    java.lang.String zzb() -> g
com.google.android.gms.internal.firebase-auth-api.zzly -> b.a.a.a.f.e.ee:
com.google.android.gms.internal.firebase-auth-api.zzlz -> b.a.a.a.f.e.fe:
    java.lang.String zza -> c
    java.lang.String zzc -> e
    java.lang.String zzb -> d
    java.lang.String zzc() -> F
    java.lang.String zza() -> f
    java.lang.String zzb() -> g
com.google.android.gms.internal.firebase-auth-api.zzm -> b.a.a.a.f.e.ge:
com.google.android.gms.internal.firebase-auth-api.zzma -> b.a.a.a.f.e.he:
com.google.android.gms.internal.firebase-auth-api.zzmb -> b.a.a.a.f.e.ie:
    java.lang.String zza -> c
    java.lang.String zzc -> e
    java.lang.String zzb -> d
    java.lang.String zzc() -> F
    java.lang.String zza() -> f
    java.lang.String zzb() -> g
com.google.android.gms.internal.firebase-auth-api.zzmc -> b.a.a.a.f.e.je:
com.google.android.gms.internal.firebase-auth-api.zzmd -> b.a.a.a.f.e.ke:
    java.lang.String zza -> c
    java.lang.String zza() -> f
com.google.android.gms.internal.firebase-auth-api.zzme -> b.a.a.a.f.e.le:
com.google.android.gms.internal.firebase-auth-api.zzmf -> b.a.a.a.f.e.me:
    com.google.firebase.auth.PhoneAuthCredential zza -> c
    java.lang.String zzc -> e
    java.lang.String zzb -> d
    java.lang.String zzc() -> F
    com.google.firebase.auth.PhoneAuthCredential zza() -> f
    java.lang.String zzb() -> g
com.google.android.gms.internal.firebase-auth-api.zzmg -> b.a.a.a.f.e.ne:
com.google.android.gms.internal.firebase-auth-api.zzmh -> b.a.a.a.f.e.oe:
    com.google.firebase.auth.PhoneAuthCredential zza -> c
    java.lang.String zzb -> d
    com.google.firebase.auth.PhoneAuthCredential zza() -> f
    java.lang.String zzb() -> g
com.google.android.gms.internal.firebase-auth-api.zzmi -> b.a.a.a.f.e.pe:
com.google.android.gms.internal.firebase-auth-api.zzmj -> b.a.a.a.f.e.qe:
    java.lang.String zza -> c
    java.lang.String zza() -> f
com.google.android.gms.internal.firebase-auth-api.zzmk -> b.a.a.a.f.e.re: